INFO:root:Scraping data from https://hofner.com.ua/index.php?route=product/search&search=патч%20пепе&page=1...
INFO:root:No products found on this page.
INFO:root:Finished extraction.
INFO:root:Scraping data from https://militarist.ua/ua/search/?q=патч+пепе&s=&PAGEN_2=1...
INFO:root:No products found on this page.
INFO:root:Finished extraction.
INFO:root:Scraping data from https://attack.kiev.ua/search/page-1?search=патч%20пепе...
INFO:root:No products found on this page.
INFO:root:Finished extraction.
INFO:root:Scraping data from https://ibis.net.ua/ua/search/?searchstring=патч+пепе&page=1...
INFO:root:No products found on this page.
INFO:root:Finished extraction.
INFO:root:Scraping data from https://kamber.com.ua/katalog/search/filter/page=1/?q=патч+пепе...
INFO:root:No products found on this page.
INFO:root:Scraping data from https://militarka.com.ua/ua/catalogsearch/result/?q=патч+пепе&p=1...
INFO:root:Finished extraction.
INFO:root:No products found on this page.
INFO:root:Finished extraction.
INFO:root:Scraping data from https://abrams.com.ua/ua/search/?search=патч%20пепе&page=1...
INFO:root:No products found on this page.
INFO:root:Finished extraction.
INFO:root:Scraping data from https://maroder.com.ua/uk/page/1/?post_type=product&s=патч+пепе...
INFO:root:No products found on this page.
INFO:root:Finished extraction.
INFO:root:Scraping data from https://specprom-kr.com.ua/index.php?route=product/search&search=патч%20пепе&page=1...
INFO:root:No products found on this page.
INFO:root:Finished extraction.
INFO:root:Scraping data from https://tacticalgear.ua/products?keyword=патч+пепе&page=1...
INFO:root:No products found on this page.
INFO:root:Finished extraction.
INFO:root:Scraping data from https://prof1group.ua/search?text=патч+пепе&page=1...
INFO:root:No products found on this page.
INFO:root:Finished extraction.
INFO:root:Scraping data from https://stvol.ua/search?page=1&query=патч+пепе...
INFO:root:No products found on this page.
INFO:root:Finished extraction.
INFO:root:Scraping data from https://sts-gear.com/ua/site_search/page_1?search_term=патч+пепе...
INFO:root:No products found on this page.
INFO:root:Finished extraction.
INFO:root:Scraping data from https://sturm.com.ua/search/?search=патч%20пепе&page=1...
INFO:root:No products found on this page.
INFO:root:Finished extraction.
INFO:root:Scraping data from https://ukrarmor.com.ua/search?page=1&search=патч+пепе...
INFO:root:No products found on this page.
INFO:root:Finished extraction.
INFO:root:Scraping data from https://punisher.com.ua/magazin/search/filter/page=1/?q=патч+пепе...
INFO:root:Finished extraction.
INFO:root:Scraping data from https://velmet.ua/index.php?route=product/search&search=патчпепе&page=1...
INFO:root:No products found on this page.
INFO:root:Finished extraction.
INFO:root:Scraping data from https://utactic.com/module/iqitsearch/searchiqit?s=патч+пепе...
INFO:root:No products found on this page.
INFO:root:Finished extraction.
INFO:root:Scraping data from https://globalballistics.com.ua/ua/all-products/page-1?keyword=патч+пепе...
INFO:root:No products found on this page.
INFO:root:Finished extraction.
INFO:root:Scraping data from https://gradgear.com.ua/katalog/search/filter/page=1/?q=патч+пепе...
INFO:root:No products found on this page.
INFO:root:Finished extraction.
INFO:root:Scraping data from https://real-def.com/all-products/page-1?keyword=патч+пепе...
INFO:root:No products found on this page.
INFO:root:Finished extraction.
INFO:root:Scraping data from https://tactical-systems.com.ua/catalog/search/filter/page=1/?q=патч+пепе...
INFO:root:No products found on this page.
INFO:root:Finished extraction.
INFO:root:Scraping data from https://alphabravo.com.ua/all-products/page-1?keyword=патч+пепе...
INFO:root:No products found on this page.
INFO:root:Finished extraction.
INFO:root:Scraping data from https://molliua.com/katalog/search/filter/page=1/?q=патч+пепе...
INFO:root:No products found on this page.
INFO:root:Finished extraction.
INFO:root:Scraping data from https://turgear.com.ua/page/1/?post_type=product&s=патч%20пепе...
INFO:root:No products found on this page.
INFO:root:Finished extraction.
INFO:root:Scraping data from https://ukrtac.com/page/1/?s=патч+пепе&post_type=product&product_cat=0...
INFO:root:No products found on this page.
INFO:root:Finished extraction.
INFO:root:Scraping data from https://avisgear.com/page/1/?s=патч+пепе&post_type=product...
INFO:root:No products found on this page.
INFO:root:Finished extraction.
INFO:root:Scraping data from https://punisher.com.ua/magazin/search/filter/page=2/?q=патч+пепе...
INFO:root:No products found on this page.
INFO:root:Finished extraction.
